<?xml version="1.0" encoding="UTF-8"?>
<!-- Generated by org.testng.reporters.JUnitReportReporter -->
<testsuite hostname="DESKTOP-E3L6RK8" failures="0" tests="3" name="TestNG.Multibrowser_1" time="87.277" errors="0" timestamp="2023-01-05T12:31:29 IST" skipped="0">
  <testcase classname="TestNG.Multibrowser_1" name="m1" time="24.540"/>
  <system-out>
    <![CDATA[Succesful]]>
  </system-out>
  <testcase classname="TestNG.Multibrowser_1" name="m1" time="34.289"/>
  <system-out>
    <![CDATA[Succesful]]>
  </system-out>
  <testcase classname="TestNG.Multibrowser_1" name="m1" time="28.448"/>
  <system-out>
    <![CDATA[Succesful]]>
  </system-out>
</testsuite> <!-- TestNG.Multibrowser_1 -->
