<?xml version="1.0" encoding="UTF-8"?>
<!-- Generated by org.testng.reporters.JUnitReportReporter -->
<testsuite hostname="DESKTOP-E3L6RK8" failures="0" tests="2" name="TestNG.Multibrowser" time="41.526" errors="0" timestamp="2023-01-04T21:03:31 IST" skipped="0">
  <testcase classname="TestNG.Multibrowser" name="main" time="13.353"/>
  <system-out>
    <![CDATA[Succesful]]>
  </system-out>
  <testcase classname="TestNG.Multibrowser" name="main" time="28.173"/>
  <system-out>
    <![CDATA[Succesful]]>
  </system-out>
</testsuite> <!-- TestNG.Multibrowser -->
