<?xml version="1.0" encoding="UTF-8"?>
<!-- Generated by org.testng.reporters.JUnitReportReporter -->
<testsuite hostname="DESKTOP-E3L6RK8" failures="0" tests="1" name="TestNG.Test1" time="0.014" errors="0" timestamp="2022-12-29T12:32:09 IST" skipped="0">
  <testcase classname="TestNG.Test1" name="TC1" time="0.014"/>
  <system-out>
    <![CDATA[First program of testng]]>
  </system-out>
</testsuite> <!-- TestNG.Test1 -->
